<?xml version="1.0" encoding="UTF-8"?>
<!-- Generated by org.testng.reporters.JUnitReportReporter -->
<testsuite skipped="0" hostname="LAPTOP-HG6F6UH3" name="com.qa.test.DeleteAPITest" tests="1" failures="0" timestamp="14 Nov 2018 21:02:52 GMT" time="1.388" errors="0">
  <testcase name="deleteAPITest" time="1.388" classname="com.qa.test.DeleteAPITest"/>
</testsuite> <!-- com.qa.test.DeleteAPITest -->
