<?xml version="1.0" encoding="UTF-8"?>
<!-- Generated by org.testng.reporters.JUnitReportReporter -->
<testsuite skipped="0" hostname="LAPTOP-HG6F6UH3" name="checkarray" tests="1" failures="0" timestamp="17 Jul 2018 18:24:46 GMT" time="0.014" errors="0">
  <testcase name="testcollection" time="0.014" classname="checkarray"/>
</testsuite> <!-- checkarray -->
