<?xml version="1.0" encoding="UTF-8"?>
<!-- Generated by org.testng.reporters.JUnitReportReporter -->
<testsuite skipped="0" hostname="LAPTOP-HG6F6UH3" name="JavaSE_Test.JavaSE_TEST" tests="1" failures="0" timestamp="25 Dec 2017 19:38:53 GMT" time="4.831" errors="0">
  <testcase name="Login" time="4.831" classname="JavaSE_Test.JavaSE_TEST"/>
</testsuite> <!-- JavaSE_Test.JavaSE_TEST -->
