<?xml version="1.0" encoding="UTF-8"?>
<!-- Generated by org.testng.reporters.JUnitReportReporter -->
<testsuite skipped="0" hostname="LAPTOP-HG6F6UH3" name="multipleSession" tests="3" failures="0" timestamp="22 Dec 2017 17:10:27 GMT" time="14.860" errors="0">
  <testcase name="Two" time="5.289" classname="multipleSession"/>
  <testcase name="One" time="5.030" classname="multipleSession"/>
  <testcase name="Three" time="4.541" classname="multipleSession"/>
</testsuite> <!-- multipleSession -->
