<?xml version="1.0" encoding="UTF-8"?>
<!-- Generated by org.testng.reporters.JUnitReportReporter -->
<testsuite skipped="0" hostname="LAPTOP-HG6F6UH3" name="JavaSE_Test.Javatest1" tests="1" failures="0" timestamp="25 Dec 2017 21:12:13 GMT" time="4.840" errors="0">
  <testcase name="Login" time="4.840" classname="JavaSE_Test.Javatest1"/>
</testsuite> <!-- JavaSE_Test.Javatest1 -->
