<?xml version="1.0" encoding="UTF-8"?>
<!-- Generated by org.testng.reporters.JUnitReportReporter -->
<testsuite skipped="0" hostname="LAPTOP-HG6F6UH3" name="parallelTest.CrossBrowserScript" tests="1" failures="0" timestamp="23 Feb 2018 17:00:04 GMT" time="4.318" errors="0">
  <testcase name="testParameterWithXML" time="4.318" classname="parallelTest.CrossBrowserScript"/>
</testsuite> <!-- parallelTest.CrossBrowserScript -->
