<?xml version="1.0" encoding="UTF-8"?>
<!-- Generated by org.testng.reporters.JUnitReportReporter -->
<testsuite skipped="0" hostname="LAPTOP-HG6F6UH3" name="Ajax.Ajaxdemo" tests="1" failures="0" timestamp="24 Dec 2017 16:18:56 GMT" time="0.245" errors="0">
  <testcase name="test_AjaxExample" time="0.245" classname="Ajax.Ajaxdemo"/>
</testsuite> <!-- Ajax.Ajaxdemo -->
