<?xml version="1.0" encoding="UTF-8"?>
<!-- Generated by org.testng.reporters.JUnitReportReporter -->
<testsuite skipped="0" hostname="LAPTOP-HG6F6UH3" name="pages.testforward" tests="1" failures="0" timestamp="09 Jul 2018 18:24:05 GMT" time="11.211" errors="0">
  <testcase name="navigationForwardExample" time="11.211" classname="pages.testforward"/>
</testsuite> <!-- pages.testforward -->
