<?xml version="1.0" encoding="UTF-8"?>
<!-- Generated by org.testng.reporters.JUnitReportReporter -->
<testsuite skipped="0" hostname="LAPTOP-HG6F6UH3" name="testPOM.testguru99login" tests="1" failures="0" timestamp="26 Feb 2018 13:50:16 GMT" time="1.864" errors="0">
  <testcase name="test_Home_Page_Appear_Correct" time="1.864" classname="testPOM.testguru99login"/>
</testsuite> <!-- testPOM.testguru99login -->
