<?xml version="1.0" encoding="UTF-8"?>
<!-- Generated by org.testng.reporters.JUnitReportReporter -->
<testsuite skipped="0" hostname="LAPTOP-HG6F6UH3" name="JavaSE_Test.javaSE_test2" tests="1" failures="0" timestamp="25 Dec 2017 21:15:29 GMT" time="6.807" errors="0">
  <testcase name="Login" time="6.807" classname="JavaSE_Test.javaSE_test2"/>
</testsuite> <!-- JavaSE_Test.javaSE_test2 -->
