<?xml version="1.0" encoding="UTF-8"?>
<!-- Generated by org.testng.reporters.JUnitReportReporter -->
<testsuite skipped="0" hostname="LAPTOP-HG6F6UH3" name="firsttestngpackage.DateTimePicker" tests="1" failures="0" timestamp="13 Dec 2017 16:57:50 GMT" time="4.596" errors="0">
  <testcase name="dateTimePicker" time="4.596" classname="firsttestngpackage.DateTimePicker"/>
</testsuite> <!-- firsttestngpackage.DateTimePicker -->
