<?xml version="1.0" encoding="UTF-8"?>
<!-- Generated by org.testng.reporters.JUnitReportReporter -->
<testsuite skipped="0" hostname="LAPTOP-HG6F6UH3" name="firsttestngpackage.implicitexplicit" tests="1" failures="0" timestamp="17 Dec 2017 17:25:55 GMT" time="7.369" errors="0">
  <testcase name="guru99tutorials" time="7.369" classname="firsttestngpackage.implicitexplicit"/>
</testsuite> <!-- firsttestngpackage.implicitexplicit -->
