<?xml version="1.0" encoding="UTF-8"?>
<!-- Generated by org.testng.reporters.JUnitReportReporter -->
<testsuite skipped="0" hostname="LAPTOP-HG6F6UH3" name="testNGReport.testNGReport" tests="1" failures="0" timestamp="22 Dec 2017 16:49:17 GMT" time="6.052" errors="0">
  <testcase name="TakeScreenShot" time="6.052" classname="testNGReport.testNGReport"/>
</testsuite> <!-- testNGReport.testNGReport -->
