<?xml version="1.0" encoding="UTF-8"?>
<!-- Generated by org.testng.reporters.JUnitReportReporter -->
<testsuite hostname="LAPTOP-HG6F6UH3" name="example.NewTest" tests="1" failures="0" timestamp="19 Dec 2017 22:53:01 GMT" time="4.760" errors="0">
  <testcase name="testEasy" time="4.760" classname="example.NewTest"/>
</testsuite> <!-- example.NewTest -->
