<?xml version="1.0" encoding="UTF-8"?>
<!-- Generated by org.testng.reporters.JUnitReportReporter -->
<testsuite skipped="0" hostname="LAPTOP-HG6F6UH3" name="TestCases.Loginapplication" tests="1" failures="0" timestamp="22 Aug 2018 23:25:05 GMT" time="36.719" errors="0">
  <testcase name="login" time="36.719" classname="TestCases.Loginapplication"/>
</testsuite> <!-- TestCases.Loginapplication -->
