<?xml version="1.0" encoding="UTF-8"?>
<!-- Generated by org.testng.reporters.JUnitReportReporter -->
<testsuite skipped="0" hostname="LAPTOP-HG6F6UH3" name="com.group.guru99.TC_Class1" tests="5" failures="0" timestamp="28 Dec 2017 17:01:32 GMT" time="2.596" errors="0">
  <testcase name="tc01LaunchURL" time="2.018" classname="com.group.guru99.TC_Class1"/>
  <testcase name="tc02VerifyLaunchPage" time="0.060" classname="com.group.guru99.TC_Class1"/>
  <testcase name="tc05VerifyHyperlinks" time="0.081" classname="com.group.guru99.TC_Class1"/>
  <testcase name="tc03EnterCredentials" time="0.395" classname="com.group.guru99.TC_Class1"/>
  <testcase name="tc04VerifyLoggedInPage" time="0.042" classname="com.group.guru99.TC_Class1"/>
</testsuite> <!-- com.group.guru99.TC_Class1 -->
