<?xml version="1.0" encoding="UTF-8"?>
<!-- Generated by org.testng.reporters.JUnitReportReporter -->
<testsuite skipped="0" hostname="LAPTOP-HG6F6UH3" name="Academy.validateTitle" tests="1" failures="0" timestamp="23 Aug 2018 21:56:44 GMT" time="13.875" errors="0">
  <testcase name="basePageInvocation" time="13.875" classname="Academy.validateTitle"/>
</testsuite> <!-- Academy.validateTitle -->
