<?xml version="1.0" encoding="UTF-8"?>
<!-- Generated by org.testng.reporters.JUnitReportReporter -->
<testsuite skipped="0" hostname="LAPTOP-HG6F6UH3" name="example.NewTest" tests="1" failures="0" timestamp="05 May 2018 18:34:54 GMT" time="4.060" errors="0">
  <testcase name="testEasy" time="4.060" classname="example.NewTest"/>
</testsuite> <!-- example.NewTest -->
