<?xml version="1.0" encoding="UTF-8"?>
<!-- Generated by org.testng.reporters.JUnitReportReporter -->
<testsuite skipped="0" hostname="LAPTOP-HG6F6UH3" name="com.crmqa.testcases.ContactsPageTest" tests="4" failures="0" timestamp="08 Sep 2018 18:55:48 GMT" time="59.570" errors="0">
  <testcase name="verifyContactsPageLabel" time="15.500" classname="com.crmqa.testcases.ContactsPageTest"/>
  <testcase name="validateCreateNewContact" time="15.532" classname="com.crmqa.testcases.ContactsPageTest"/>
  <testcase name="validateCreateNewContact" time="14.595" classname="com.crmqa.testcases.ContactsPageTest"/>
  <testcase name="validateCreateNewContact" time="13.943" classname="com.crmqa.testcases.ContactsPageTest"/>
</testsuite> <!-- com.crmqa.testcases.ContactsPageTest -->
