<?xml version="1.0" encoding="UTF-8"?>
<!-- Generated by org.testng.reporters.JUnitReportReporter -->
<testsuite skipped="0" hostname="LAPTOP-HG6F6UH3" name="com.crmqa.testcases.LoginPageTest" tests="3" failures="0" timestamp="25 Sep 2018 01:23:58 GMT" time="26.000" errors="0">
  <testcase name="loginPageTitleTest" time="6.627" classname="com.crmqa.testcases.LoginPageTest"/>
  <testcase name="crmLogoImageTest" time="6.211" classname="com.crmqa.testcases.LoginPageTest"/>
  <testcase name="loginTest" time="13.162" classname="com.crmqa.testcases.LoginPageTest"/>
</testsuite> <!-- com.crmqa.testcases.LoginPageTest -->
