<?xml version="1.0" encoding="UTF-8"?>
<!-- Generated by org.testng.reporters.JUnitReportReporter -->
<testsuite skipped="0" hostname="LAPTOP-HG6F6UH3" name="com.crmqa.testcases.HomePageTest" tests="3" failures="0" timestamp="24 Sep 2018 22:04:04 GMT" time="64.251" errors="0">
  <testcase name="verifyContactsLinkTest" time="22.908" classname="com.crmqa.testcases.HomePageTest"/>
  <testcase name="verifyHomePageTitleTest" time="22.030" classname="com.crmqa.testcases.HomePageTest"/>
  <testcase name="verifyCorrectUsernameTest" time="19.313" classname="com.crmqa.testcases.HomePageTest"/>
</testsuite> <!-- com.crmqa.testcases.HomePageTest -->
