<?xml version="1.0" encoding="UTF-8"?>
<!-- Generated by org.testng.reporters.JUnitReportReporter -->
<testsuite skipped="0" hostname="LAPTOP-HG6F6UH3" name="Academy.validateTitle" tests="1" failures="0" timestamp="24 Aug 2018 00:58:21 GMT" time="16.461" errors="0">
  <testcase name="basePageInvocation" time="16.461" classname="Academy.validateTitle"/>
</testsuite> <!-- Academy.validateTitle -->
