<?xml version="1.0" encoding="UTF-8"?>
<!-- Generated by org.testng.reporters.JUnitReportReporter -->
<testsuite skipped="0" hostname="LAPTOP-HG6F6UH3" name="com.mmps.test.Logintest" tests="2" failures="0" timestamp="17 Mar 2018 01:00:32 GMT" time="28.356" errors="0">
  <testcase name="PatientLoginTest" time="14.972" classname="com.mmps.test.Logintest"/>
  <testcase name="invokeBrowser" time="13.384" classname="com.mmps.test.Logintest"/>
</testsuite> <!-- com.mmps.test.Logintest -->
