<?xml version="1.0" encoding="UTF-8"?>
<!-- Generated by org.testng.reporters.JUnitReportReporter -->
<testsuite skipped="0" hostname="LAPTOP-HG6F6UH3" name="com.qa.rest.tests.PostCallWithJavaObjects" tests="1" failures="0" timestamp="20 Sep 2018 20:36:54 GMT" time="3.859" errors="0">
  <testcase name="createCustomerTest" time="3.859" classname="com.qa.rest.tests.PostCallWithJavaObjects"/>
</testsuite> <!-- com.qa.rest.tests.PostCallWithJavaObjects -->
