<?xml version="1.0" encoding="UTF-8"?>
<!-- Generated by org.testng.reporters.JUnitReportReporter -->
<testsuite skipped="0" hostname="LAPTOP-HG6F6UH3" name="com.qa.rest.tests.WeatherGetTests" tests="2" failures="0" timestamp="12 Nov 2018 16:02:21 GMT" time="8.009" errors="0">
  <testcase name="getWeatherDetailsWithValidCityTest" time="0.911" classname="com.qa.rest.tests.WeatherGetTests"/>
  <testcase name="getWeatherDetailsWithInvalidCityTest" time="7.098" classname="com.qa.rest.tests.WeatherGetTests"/>
</testsuite> <!-- com.qa.rest.tests.WeatherGetTests -->
