<?xml version="1.0" encoding="UTF-8"?>
<!-- Generated by org.testng.reporters.JUnitReportReporter -->
<testsuite skipped="0" hostname="LAPTOP-HG6F6UH3" name="com.qa.rest.tests.CreateCustomerPostCall" tests="1" failures="0" timestamp="20 Sep 2018 15:02:15 GMT" time="2.722" errors="0">
  <testcase name="createCustomerTest" time="2.722" classname="com.qa.rest.tests.CreateCustomerPostCall"/>
</testsuite> <!-- com.qa.rest.tests.CreateCustomerPostCall -->
